-------------------------------------------------------------------------------
Test set: net.seafoodworld.runner.FailedTestRunner
-------------------------------------------------------------------------------
Tests run: 1, Failures: 0, Errors: 1, Skipped: 0, Time elapsed: 0 s <<< FAILURE! - in net.seafoodworld.runner.FailedTestRunner
net.seafoodworld.runner.FailedTestRunner.initializationError  Time elapsed: 0 s  <<< ERROR!
io.cucumber.core.exception.CucumberException: Failed to parse 'target\rerun.txt'
Caused by: java.nio.file.NoSuchFileException: target\rerun.txt

