<?xml version="1.0" encoding="UTF-8"?>
<testsuite xmlns:xsi="http://www.w3.org/2001/XMLSchema-instance" xsi:noNamespaceSchemaLocation="https://maven.apache.org/surefire/maven-surefire-plugin/xsd/surefire-test-report-3.0.xsd" version="3.0" name="User should be able to create account" time="66.361" tests="1" errors="0" skipped="0" failures="0">
  <properties>
[...]
</properties>
  <testcase name="user can register  with the valid username, email and a password" classname="User should be able to create account" time="66.361">
    <system-out><![CDATA[
@regression
Scenario: user can register  with the valid username, email and a password &amp#27;[90m# src/test/resources/features/registration.feature:3&amp#27;[0m
  &amp#27;[32mGiven &amp#27;[0m&amp#27;[32muser at the My Account page&amp#27;[0m                                        &amp#27;[90m# net.seafoodworld.step_definition.RegisterAccStepDef.user_at_the_my_account_page()&amp#27;[0m
  &amp#27;[32mWhen &amp#27;[0m&amp#27;[32muser enters valid username, email and click register button&amp#27;[0m         &amp#27;[90m# net.seafoodworld.step_definition.RegisterAccStepDef.user_enters_valid_username_email_and_click_register_button()&amp#27;[0m
  &amp#27;[32mThen &amp#27;[0m&amp#27;[32muser should see message Hello username&amp#27;[0m                              &amp#27;[90m# net.seafoodworld.step_definition.RegisterAccStepDef.user_should_see_message_hello_username()&amp#27;[0m
  &amp#27;[32mAnd &amp#27;[0m&amp#27;[32muser can edit password and account&amp#27;[0m                                   &amp#27;[90m# net.seafoodworld.step_definition.RegisterAccStepDef.userCanEditPasswordAndAccount()&amp#27;[0m
]]></system-out>
    <system-err><![CDATA[[pool-2-thread-2] ERROR io.github.bonigarcia.wdm.online.HttpClient - Error HTTP 404 executing https://chromedriver.storage.googleapis.com/LATEST_RELEASE_118
[pool-2-thread-2] WARN io.github.bonigarcia.wdm.versions.VersionDetector - Exception reading https://chromedriver.storage.googleapis.com/LATEST_RELEASE_118 to get latest version of chromedriver (Error HTTP 404 executing https://chromedriver.storage.googleapis.com/LATEST_RELEASE_118)
[pool-2-thread-2] INFO io.github.bonigarcia.wdm.WebDriverManager - Exporting webdriver.chrome.driver as C:\Users\USER\.cache\selenium\chromedriver\win32\114.0.5735.90\chromedriver.exe
Starting ChromeDriver 118.0.5993.70 (e52f33f30b91b4ddfad649acddc39ab570473b86-refs/branch-heads/5993@{#1216}) on port 22348
Only local connections are allowed.
Please see https://chromedriver.chromium.org/security-considerations for suggestions on keeping ChromeDriver safe.
ChromeDriver was started successfully.
Oct 30, 2023 9:21:03 AM org.openqa.selenium.devtools.CdpVersionFinder findNearestMatch
WARNING: Unable to find CDP implementation matching 118
Oct 30, 2023 9:21:03 AM org.openqa.selenium.chromium.ChromiumDriver lambda$new$3
WARNING: Unable to find version of CDP to use for . You may need to include a dependency on a specific version of the CDP using something similar to `org.seleniumhq.selenium:selenium-devtools-v86:4.8.1` where the version ("v86") matches the version of the chromium-based browser you're using and the version number of the artifact is the same as Selenium's.
]]></system-err>
  </testcase>
</testsuite>